12:28:50 **** Clean-only build of configuration Debug for project stm32f4xx_drivers ****
make -j12 clean 
rm -rf *
 
12:28:50 **** Incremental Build of configuration Debug for project stm32f4xx_drivers ****
make -j12 all 
arm-none-eabi-gcc -mcpu=cortex-m4 -g3 -c -x assembler-with-cpp -MMD -MP -MF"startup/startup_stm32.d" -MT"startup/startup_stm32.o"  -mfloat-abi=soft -mthumb -o "startup/startup_stm32.o" "../startup/startup_stm32.s"
arm-none-eabi-gcc "../src/017rtc_lcd.c" -mcpu=cortex-m4 -std=gnu11 -g3 -DSTM32 -DSTM32F4 -DSTM32F407VGTx -DSTM32F407G_DISC1 -DDEBUG -c -I"C:/STM32/MCU1_course/mcu_1/stm32f4xx_drivers/drivers/inc" -I"C:/STM32/MCU1_course/mcu_1/stm32f4xx_drivers/bsp" -I"C:/ST/STM32CubeIDE_1.6.1/STM32CubeIDE/plugins/com.st.stm32cube.ide.mcu.externaltools.gnu-tools-for-stm32.9-2020-q2-update.win32_1.5.0.202011040924/tools/arm-none-eabi/include/newlib-nano" -O0 -ffunction-sections -Wall -fstack-usage -MMD -MP -MF"src/017rtc_lcd.d" -MT"src/017rtc_lcd.o"  -mfloat-abi=soft -mthumb -o "src/017rtc_lcd.o"
arm-none-eabi-gcc "../src/sysmem.c" -mcpu=cortex-m4 -std=gnu11 -g3 -DSTM32 -DSTM32F4 -DSTM32F407VGTx -DSTM32F407G_DISC1 -DDEBUG -c -I"C:/STM32/MCU1_course/mcu_1/stm32f4xx_drivers/drivers/inc" -I"C:/STM32/MCU1_course/mcu_1/stm32f4xx_drivers/bsp" -I"C:/ST/STM32CubeIDE_1.6.1/STM32CubeIDE/plugins/com.st.stm32cube.ide.mcu.externaltools.gnu-tools-for-stm32.9-2020-q2-update.win32_1.5.0.202011040924/tools/arm-none-eabi/include/newlib-nano" -O0 -ffunction-sections -Wall -fstack-usage -MMD -MP -MF"src/sysmem.d" -MT"src/sysmem.o"  -mfloat-abi=soft -mthumb -o "src/sysmem.o"
arm-none-eabi-gcc "../drivers/src/stm32f407xx_gpio_driver.c" -mcpu=cortex-m4 -std=gnu11 -g3 -DSTM32 -DSTM32F4 -DSTM32F407VGTx -DSTM32F407G_DISC1 -DDEBUG -c -I"C:/STM32/MCU1_course/mcu_1/stm32f4xx_drivers/drivers/inc" -I"C:/STM32/MCU1_course/mcu_1/stm32f4xx_drivers/bsp" -I"C:/ST/STM32CubeIDE_1.6.1/STM32CubeIDE/plugins/com.st.stm32cube.ide.mcu.externaltools.gnu-tools-for-stm32.9-2020-q2-update.win32_1.5.0.202011040924/tools/arm-none-eabi/include/newlib-nano" -O0 -ffunction-sections -Wall -fstack-usage -MMD -MP -MF"drivers/src/stm32f407xx_gpio_driver.d" -MT"drivers/src/stm32f407xx_gpio_driver.o"  -mfloat-abi=soft -mthumb -o "drivers/src/stm32f407xx_gpio_driver.o"
arm-none-eabi-gcc "../drivers/src/stm32f407xx_i2c_driver.c" -mcpu=cortex-m4 -std=gnu11 -g3 -DSTM32 -DSTM32F4 -DSTM32F407VGTx -DSTM32F407G_DISC1 -DDEBUG -c -I"C:/STM32/MCU1_course/mcu_1/stm32f4xx_drivers/drivers/inc" -I"C:/STM32/MCU1_course/mcu_1/stm32f4xx_drivers/bsp" -I"C:/ST/STM32CubeIDE_1.6.1/STM32CubeIDE/plugins/com.st.stm32cube.ide.mcu.externaltools.gnu-tools-for-stm32.9-2020-q2-update.win32_1.5.0.202011040924/tools/arm-none-eabi/include/newlib-nano" -O0 -ffunction-sections -Wall -fstack-usage -MMD -MP -MF"drivers/src/stm32f407xx_i2c_driver.d" -MT"drivers/src/stm32f407xx_i2c_driver.o"  -mfloat-abi=soft -mthumb -o "drivers/src/stm32f407xx_i2c_driver.o"
arm-none-eabi-gcc "../drivers/src/stm32f407xx_rcc_driver.c" -mcpu=cortex-m4 -std=gnu11 -g3 -DSTM32 -DSTM32F4 -DSTM32F407VGTx -DSTM32F407G_DISC1 -DDEBUG -c -I"C:/STM32/MCU1_course/mcu_1/stm32f4xx_drivers/drivers/inc" -I"C:/STM32/MCU1_course/mcu_1/stm32f4xx_drivers/bsp" -I"C:/ST/STM32CubeIDE_1.6.1/STM32CubeIDE/plugins/com.st.stm32cube.ide.mcu.externaltools.gnu-tools-for-stm32.9-2020-q2-update.win32_1.5.0.202011040924/tools/arm-none-eabi/include/newlib-nano" -O0 -ffunction-sections -Wall -fstack-usage -MMD -MP -MF"drivers/src/stm32f407xx_rcc_driver.d" -MT"drivers/src/stm32f407xx_rcc_driver.o"  -mfloat-abi=soft -mthumb -o "drivers/src/stm32f407xx_rcc_driver.o"
arm-none-eabi-gcc "../drivers/src/stm32f407xx_spi_driver.c" -mcpu=cortex-m4 -std=gnu11 -g3 -DSTM32 -DSTM32F4 -DSTM32F407VGTx -DSTM32F407G_DISC1 -DDEBUG -c -I"C:/STM32/MCU1_course/mcu_1/stm32f4xx_drivers/drivers/inc" -I"C:/STM32/MCU1_course/mcu_1/stm32f4xx_drivers/bsp" -I"C:/ST/STM32CubeIDE_1.6.1/STM32CubeIDE/plugins/com.st.stm32cube.ide.mcu.externaltools.gnu-tools-for-stm32.9-2020-q2-update.win32_1.5.0.202011040924/tools/arm-none-eabi/include/newlib-nano" -O0 -ffunction-sections -Wall -fstack-usage -MMD -MP -MF"drivers/src/stm32f407xx_spi_driver.d" -MT"drivers/src/stm32f407xx_spi_driver.o"  -mfloat-abi=soft -mthumb -o "drivers/src/stm32f407xx_spi_driver.o"
arm-none-eabi-gcc "../drivers/src/stm32f407xx_usart_driver.c" -mcpu=cortex-m4 -std=gnu11 -g3 -DSTM32 -DSTM32F4 -DSTM32F407VGTx -DSTM32F407G_DISC1 -DDEBUG -c -I"C:/STM32/MCU1_course/mcu_1/stm32f4xx_drivers/drivers/inc" -I"C:/STM32/MCU1_course/mcu_1/stm32f4xx_drivers/bsp" -I"C:/ST/STM32CubeIDE_1.6.1/STM32CubeIDE/plugins/com.st.stm32cube.ide.mcu.externaltools.gnu-tools-for-stm32.9-2020-q2-update.win32_1.5.0.202011040924/tools/arm-none-eabi/include/newlib-nano" -O0 -ffunction-sections -Wall -fstack-usage -MMD -MP -MF"drivers/src/stm32f407xx_usart_driver.d" -MT"drivers/src/stm32f407xx_usart_driver.o"  -mfloat-abi=soft -mthumb -o "drivers/src/stm32f407xx_usart_driver.o"
arm-none-eabi-gcc "../bsp/ds1307.c" -mcpu=cortex-m4 -std=gnu11 -g3 -DSTM32 -DSTM32F4 -DSTM32F407VGTx -DSTM32F407G_DISC1 -DDEBUG -c -I"C:/STM32/MCU1_course/mcu_1/stm32f4xx_drivers/drivers/inc" -I"C:/STM32/MCU1_course/mcu_1/stm32f4xx_drivers/bsp" -I"C:/ST/STM32CubeIDE_1.6.1/STM32CubeIDE/plugins/com.st.stm32cube.ide.mcu.externaltools.gnu-tools-for-stm32.9-2020-q2-update.win32_1.5.0.202011040924/tools/arm-none-eabi/include/newlib-nano" -O0 -ffunction-sections -Wall -fstack-usage -MMD -MP -MF"bsp/ds1307.d" -MT"bsp/ds1307.o"  -mfloat-abi=soft -mthumb -o "bsp/ds1307.o"
../src/017rtc_lcd.c:97:13: warning: 'mdelay' defined but not used [-Wunused-function]
   97 | static void mdelay(uint32_t cnt)
      |             ^~~~~~
../drivers/src/stm32f407xx_usart_driver.c: In function 'USART_IRQHandling':
../drivers/src/stm32f407xx_usart_driver.c:619:26: warning: variable 'temp3' set but not used [-Wunused-but-set-variable]
  619 |  uint32_t temp1 , temp2, temp3;
      |                          ^~~~~
arm-none-eabi-gcc -o "stm32f4xx_drivers.elf" @"objects.list"   -mcpu=cortex-m4 -T"C:\STM32\MCU1_course\mcu_1\stm32f4xx_drivers\LinkerScript.ld" -Wl,-Map="stm32f4xx_drivers.map" -Wl,--gc-sections -static -specs=rdimon.specs -lc -lrdimon  -mfloat-abi=soft -mthumb -Wl,--start-group -lc -lm -Wl,--end-group
Finished building target: stm32f4xx_drivers.elf
 
arm-none-eabi-size   stm32f4xx_drivers.elf 
arm-none-eabi-objdump -h -S  stm32f4xx_drivers.elf  > "stm32f4xx_drivers.list"
arm-none-eabi-objcopy  -O binary  stm32f4xx_drivers.elf  "stm32f4xx_drivers.bin"
   text	   data	    bss	    dec	    hex	filename
  30140	   2516	   1360	  34016	   84e0	stm32f4xx_drivers.elf
Finished building: default.size.stdout
 
Finished building: stm32f4xx_drivers.bin
 
Finished building: stm32f4xx_drivers.list
 
12:28:58 **** Incremental Build of configuration Debug for project stm32f4xx_drivers ****
make -j12 all 
arm-none-eabi-size   stm32f4xx_drivers.elf 
   text	   data	    bss	    dec	    hex	filename
  30140	   2516	   1360	  34016	   84e0	stm32f4xx_drivers.elf
Finished building: default.size.stdout
 
12:36:22 **** Incremental Build of configuration Debug for project stm32f4xx_drivers ****
make -j12 all 
arm-none-eabi-size   stm32f4xx_drivers.elf 
   text	   data	    bss	    dec	    hex	filename
  30140	   2516	   1360	  34016	   84e0	stm32f4xx_drivers.elf
Finished building: default.size.stdout
 
12:37:18 **** Incremental Build of configuration Debug for project stm32f4xx_drivers ****
make -j12 all 
arm-none-eabi-size   stm32f4xx_drivers.elf 
   text	   data	    bss	    dec	    hex	filename
  30140	   2516	   1360	  34016	   84e0	stm32f4xx_drivers.elf
Finished building: default.size.stdout
 
12:40:54 **** Incremental Build of configuration Debug for project stm32f4xx_drivers ****
make -j12 all 
arm-none-eabi-gcc "../src/017rtc_lcd.c" -mcpu=cortex-m4 -std=gnu11 -g3 -DSTM32 -DSTM32F4 -DSTM32F407VGTx -DSTM32F407G_DISC1 -DDEBUG -c -I"C:/STM32/MCU1_course/mcu_1/stm32f4xx_drivers/drivers/inc" -I"C:/STM32/MCU1_course/mcu_1/stm32f4xx_drivers/bsp" -I"C:/ST/STM32CubeIDE_1.6.1/STM32CubeIDE/plugins/com.st.stm32cube.ide.mcu.externaltools.gnu-tools-for-stm32.9-2020-q2-update.win32_1.5.0.202011040924/tools/arm-none-eabi/include/newlib-nano" -O0 -ffunction-sections -Wall -fstack-usage -MMD -MP -MF"src/017rtc_lcd.d" -MT"src/017rtc_lcd.o"  -mfloat-abi=soft -mthumb -o "src/017rtc_lcd.o"
../src/017rtc_lcd.c:97:13: warning: 'mdelay' defined but not used [-Wunused-function]
   97 | static void mdelay(uint32_t cnt)
      |             ^~~~~~
arm-none-eabi-gcc -o "stm32f4xx_drivers.elf" @"objects.list"   -mcpu=cortex-m4 -T"C:\STM32\MCU1_course\mcu_1\stm32f4xx_drivers\LinkerScript.ld" -Wl,-Map="stm32f4xx_drivers.map" -Wl,--gc-sections -static -specs=rdimon.specs -lc -lrdimon  -mfloat-abi=soft -mthumb -Wl,--start-group -lc -lm -Wl,--end-group
Finished building target: stm32f4xx_drivers.elf
 
arm-none-eabi-objdump -h -S  stm32f4xx_drivers.elf  > "stm32f4xx_drivers.list"
arm-none-eabi-objcopy  -O binary  stm32f4xx_drivers.elf  "stm32f4xx_drivers.bin"
arm-none-eabi-size   stm32f4xx_drivers.elf 
   text	   data	    bss	    dec	    hex	filename
  28076	   2500	   1360	  31936	   7cc0	stm32f4xx_drivers.elf
Finished building: default.size.stdout
 
Finished building: stm32f4xx_drivers.bin
 
Finished building: stm32f4xx_drivers.list
 
12:44:20 **** Incremental Build of configuration Debug for project stm32f4xx_drivers ****
make -j12 all 
arm-none-eabi-gcc "../src/017rtc_lcd.c" -mcpu=cortex-m4 -std=gnu11 -g3 -DSTM32 -DSTM32F4 -DSTM32F407VGTx -DSTM32F407G_DISC1 -DDEBUG -c -I"C:/STM32/MCU1_course/mcu_1/stm32f4xx_drivers/drivers/inc" -I"C:/STM32/MCU1_course/mcu_1/stm32f4xx_drivers/bsp" -I"C:/ST/STM32CubeIDE_1.6.1/STM32CubeIDE/plugins/com.st.stm32cube.ide.mcu.externaltools.gnu-tools-for-stm32.9-2020-q2-update.win32_1.5.0.202011040924/tools/arm-none-eabi/include/newlib-nano" -O0 -ffunction-sections -Wall -fstack-usage -MMD -MP -MF"src/017rtc_lcd.d" -MT"src/017rtc_lcd.o"  -mfloat-abi=soft -mthumb -o "src/017rtc_lcd.o"
../src/017rtc_lcd.c:97:13: warning: 'mdelay' defined but not used [-Wunused-function]
   97 | static void mdelay(uint32_t cnt)
      |             ^~~~~~
arm-none-eabi-gcc -o "stm32f4xx_drivers.elf" @"objects.list"   -mcpu=cortex-m4 -T"C:\STM32\MCU1_course\mcu_1\stm32f4xx_drivers\LinkerScript.ld" -Wl,-Map="stm32f4xx_drivers.map" -Wl,--gc-sections -static -specs=rdimon.specs -lc -lrdimon  -mfloat-abi=soft -mthumb -Wl,--start-group -lc -lm -Wl,--end-group
Finished building target: stm32f4xx_drivers.elf
 
arm-none-eabi-objdump -h -S  stm32f4xx_drivers.elf  > "stm32f4xx_drivers.list"
arm-none-eabi-objcopy  -O binary  stm32f4xx_drivers.elf  "stm32f4xx_drivers.bin"
arm-none-eabi-size   stm32f4xx_drivers.elf 
   text	   data	    bss	    dec	    hex	filename
  30140	   2516	   1360	  34016	   84e0	stm32f4xx_drivers.elf
Finished building: default.size.stdout
 
Finished building: stm32f4xx_drivers.bin
 
Finished building: stm32f4xx_drivers.list
 
12:44:33 **** Incremental Build of configuration Debug for project stm32f4xx_drivers ****
make -j12 all 
arm-none-eabi-size   stm32f4xx_drivers.elf 
   text	   data	    bss	    dec	    hex	filename
  30140	   2516	   1360	  34016	   84e0	stm32f4xx_drivers.elf
Finished building: default.size.stdout
 
12:44:58 **** Incremental Build of configuration Debug for project stm32f4xx_drivers ****
make -j12 all 
arm-none-eabi-size   stm32f4xx_drivers.elf 
   text	   data	    bss	    dec	    hex	filename
  30140	   2516	   1360	  34016	   84e0	stm32f4xx_drivers.elf
Finished building: default.size.stdout
 
12:46:15 **** Incremental Build of configuration Debug for project stm32f4xx_drivers ****
make -j12 all 
arm-none-eabi-gcc "../src/017rtc_lcd.c" -mcpu=cortex-m4 -std=gnu11 -g3 -DSTM32 -DSTM32F4 -DSTM32F407VGTx -DSTM32F407G_DISC1 -DDEBUG -c -I"C:/STM32/MCU1_course/mcu_1/stm32f4xx_drivers/drivers/inc" -I"C:/STM32/MCU1_course/mcu_1/stm32f4xx_drivers/bsp" -I"C:/ST/STM32CubeIDE_1.6.1/STM32CubeIDE/plugins/com.st.stm32cube.ide.mcu.externaltools.gnu-tools-for-stm32.9-2020-q2-update.win32_1.5.0.202011040924/tools/arm-none-eabi/include/newlib-nano" -O0 -ffunction-sections -Wall -fstack-usage -MMD -MP -MF"src/017rtc_lcd.d" -MT"src/017rtc_lcd.o"  -mfloat-abi=soft -mthumb -o "src/017rtc_lcd.o"
../src/017rtc_lcd.c:97:13: warning: 'mdelay' defined but not used [-Wunused-function]
   97 | static void mdelay(uint32_t cnt)
      |             ^~~~~~
arm-none-eabi-gcc -o "stm32f4xx_drivers.elf" @"objects.list"   -mcpu=cortex-m4 -T"C:\STM32\MCU1_course\mcu_1\stm32f4xx_drivers\LinkerScript.ld" -Wl,-Map="stm32f4xx_drivers.map" -Wl,--gc-sections -static -specs=rdimon.specs -lc -lrdimon  -mfloat-abi=soft -mthumb -Wl,--start-group -lc -lm -Wl,--end-group
Finished building target: stm32f4xx_drivers.elf
 
arm-none-eabi-objdump -h -S  stm32f4xx_drivers.elf  > "stm32f4xx_drivers.list"
arm-none-eabi-objcopy  -O binary  stm32f4xx_drivers.elf  "stm32f4xx_drivers.bin"
arm-none-eabi-size   stm32f4xx_drivers.elf 
   text	   data	    bss	    dec	    hex	filename
  30164	   2516	   1360	  34040	   84f8	stm32f4xx_drivers.elf
Finished building: default.size.stdout
 
Finished building: stm32f4xx_drivers.bin
 
Finished building: stm32f4xx_drivers.list
 
12:47:42 **** Incremental Build of configuration Debug for project stm32f4xx_drivers ****
make -j12 all 
arm-none-eabi-size   stm32f4xx_drivers.elf 
   text	   data	    bss	    dec	    hex	filename
  30164	   2516	   1360	  34040	   84f8	stm32f4xx_drivers.elf
Finished building: default.size.stdout
 
12:51:39 **** Incremental Build of configuration Debug for project stm32f4xx_drivers ****
make -j12 all 
arm-none-eabi-size   stm32f4xx_drivers.elf 
   text	   data	    bss	    dec	    hex	filename
  30164	   2516	   1360	  34040	   84f8	stm32f4xx_drivers.elf
Finished building: default.size.stdout
 
13:21:00 **** Incremental Build of configuration Debug for project stm32f4xx_drivers ****
make -j12 all 
arm-none-eabi-size   stm32f4xx_drivers.elf 
   text	   data	    bss	    dec	    hex	filename
  30164	   2516	   1360	  34040	   84f8	stm32f4xx_drivers.elf
Finished building: default.size.stdout
 
13:24:35 **** Incremental Build of configuration Debug for project stm32f4xx_drivers ****
make -j12 all 
arm-none-eabi-size   stm32f4xx_drivers.elf 
   text	   data	    bss	    dec	    hex	filename
  30164	   2516	   1360	  34040	   84f8	stm32f4xx_drivers.elf
Finished building: default.size.stdout
 
13:32:53 **** Incremental Build of configuration Debug for project stm32f4xx_drivers ****
make -j12 all 
arm-none-eabi-size   stm32f4xx_drivers.elf 
   text	   data	    bss	    dec	    hex	filename
  30164	   2516	   1360	  34040	   84f8	stm32f4xx_drivers.elf
Finished building: default.size.stdout
 
13:33:18 **** Incremental Build of configuration Debug for project stm32f4xx_drivers ****
make -j12 all 
arm-none-eabi-size   stm32f4xx_drivers.elf 
   text	   data	    bss	    dec	    hex	filename
  30164	   2516	   1360	  34040	   84f8	stm32f4xx_drivers.elf
Finished building: default.size.stdout
 
